

%%%%%%%%%%%%%%%%%%%%%%%%%%%%%%%%%%%%%%%%%%%%%%%%%%%%%%%%%%%%%%%%%%%%%%%%%%%%%%%%%%%%%%%%%%


[1;33mðŸš€ Starting Git update at: 19 November 2025 - 05:43:01 PM[0m

[0;32mâ¬‡ï¸ Pulling latest changes...[0m
Already up to date.

[0;32mâž• Adding changes...[0m

[0;32mðŸ’¾ Committing changes...[0m
[main 420e07a] ðŸš€ Update completed at: 19 November 2025 - 05:43:01 PM
 5 files changed, 28 insertions(+)
 mode change 100644 => 100755 .scripts/git_push.sh
 create mode 100755 .scripts/update_log.sh
 create mode 100644 logs/cron.log
 create mode 100644 logs/git_cron.log

[0;32mðŸ“¤ Pushing changes...[0m
To https://github.com/shishirRsiam/Mamar-Bank-Project-Using-Django.git
   31ad061..420e07a  main -> main

[1;33mâœ… Update completed at: 19 November 2025 - 05:43:04 PM[0m


%%%%%%%%%%%%%%%%%%%%%%%%%%%%%%%%%%%%%%%%%%%%%%%%%%%%%%%%%%%%%%%%%%%%%%%%%%%%%%%%%%%%%%%%%%


[1;33mðŸš€ Starting Git update at: 19 November 2025 - 05:44:01 PM[0m

[0;32mâ¬‡ï¸ Pulling latest changes...[0m
Already up to date.

[0;32mâž• Adding changes...[0m

[0;32mðŸ’¾ Committing changes...[0m
[main 75fd702] ðŸš€ Update completed at: 19 November 2025 - 05:44:01 PM
 2 files changed, 26 insertions(+)

[0;32mðŸ“¤ Pushing changes...[0m
To https://github.com/shishirRsiam/Mamar-Bank-Project-Using-Django.git
   420e07a..75fd702  main -> main

[1;33mâœ… Update completed at: 19 November 2025 - 05:44:03 PM[0m


%%%%%%%%%%%%%%%%%%%%%%%%%%%%%%%%%%%%%%%%%%%%%%%%%%%%%%%%%%%%%%%%%%%%%%%%%%%%%%%%%%%%%%%%%%


[1;33mðŸš€ Starting Git update at: 19 November 2025 - 05:45:01 PM[0m

[0;32mâ¬‡ï¸ Pulling latest changes...[0m
Already up to date.

[0;32mâž• Adding changes...[0m

[0;32mðŸ’¾ Committing changes...[0m


%%%%%%%%%%%%%%%%%%%%%%%%%%%%%%%%%%%%%%%%%%%%%%%%%%%%%%%%%%%%%%%%%%%%%%%%%%%%%%%%%%%%%%%%%%


[1;33mðŸš€ Starting Git update at: 21 November 2025 - 12:01:01 AM[0m

[0;32mâ¬‡ï¸ Pulling latest changes...[0m
From https://github.com/shishirRsiam/Mamar-Bank-Project-Using-Django
   db3f34f..8131734  main       -> origin/main
Updating db3f34f..8131734
Fast-forward
 Transactions/tasks.py | 2 +-
 1 file changed, 1 insertion(+), 1 deletion(-)

[0;32mâž• Adding changes...[0m

[0;32mðŸ’¾ Committing changes...[0m
[main cfd180b] ðŸš€ Update completed at: 21 November 2025 - 12:01:01 AM
 3 files changed, 52 insertions(+)

[0;32mðŸ“¤ Pushing changes...[0m
remote: This repository moved. Please use the new location:        
remote:   https://github.com/shishirRsiam/Mamar-Bank.git        
To https://github.com/shishirRsiam/Mamar-Bank-Project-Using-Django.git
   8131734..cfd180b  main -> main

[1;33mâœ… Update completed at: 21 November 2025 - 12:01:04 AM[0m


%%%%%%%%%%%%%%%%%%%%%%%%%%%%%%%%%%%%%%%%%%%%%%%%%%%%%%%%%%%%%%%%%%%%%%%%%%%%%%%%%%%%%%%%%%


[1;33mðŸš€ Starting Git update at: 21 November 2025 - 12:01:01 PM[0m

[0;32mâ¬‡ï¸ Pulling latest changes...[0m
Already up to date.

[0;32mâž• Adding changes...[0m

[0;32mðŸ’¾ Committing changes...[0m
[main 03989c2] ðŸš€ Update completed at: 21 November 2025 - 12:01:01 PM
 3 files changed, 66 insertions(+)

[0;32mðŸ“¤ Pushing changes...[0m
remote: This repository moved. Please use the new location:        
remote:   https://github.com/shishirRsiam/Mamar-Bank.git        
To https://github.com/shishirRsiam/Mamar-Bank-Project-Using-Django.git
   cfd180b..03989c2  main -> main

[1;33mâœ… Update completed at: 21 November 2025 - 12:01:03 PM[0m


%%%%%%%%%%%%%%%%%%%%%%%%%%%%%%%%%%%%%%%%%%%%%%%%%%%%%%%%%%%%%%%%%%%%%%%%%%%%%%%%%%%%%%%%%%


[1;33mðŸš€ Starting Git update at: 22 November 2025 - 12:01:01 AM[0m

[0;32mâ¬‡ï¸ Pulling latest changes...[0m
Already up to date.

[0;32mâž• Adding changes...[0m

[0;32mðŸ’¾ Committing changes...[0m
[main a0a4923] ðŸš€ Update completed at: 22 November 2025 - 12:01:01 AM
 3 files changed, 45 insertions(+)

[0;32mðŸ“¤ Pushing changes...[0m
remote: This repository moved. Please use the new location:        
remote:   https://github.com/shishirRsiam/Mamar-Bank.git        
To https://github.com/shishirRsiam/Mamar-Bank-Project-Using-Django.git
   03989c2..a0a4923  main -> main

[1;33mâœ… Update completed at: 22 November 2025 - 12:01:04 AM[0m


%%%%%%%%%%%%%%%%%%%%%%%%%%%%%%%%%%%%%%%%%%%%%%%%%%%%%%%%%%%%%%%%%%%%%%%%%%%%%%%%%%%%%%%%%%


[1;33mðŸš€ Starting Git update at: 22 November 2025 - 12:01:01 PM[0m

[0;32mâ¬‡ï¸ Pulling latest changes...[0m
Already up to date.

[0;32mâž• Adding changes...[0m

[0;32mðŸ’¾ Committing changes...[0m
[main 4e7e8cd] ðŸš€ Update completed at: 22 November 2025 - 12:01:01 PM
 2 files changed, 24 insertions(+)

[0;32mðŸ“¤ Pushing changes...[0m
remote: This repository moved. Please use the new location:        
remote:   https://github.com/shishirRsiam/Mamar-Bank.git        
To https://github.com/shishirRsiam/Mamar-Bank-Project-Using-Django.git
   a0a4923..4e7e8cd  main -> main

[1;33mâœ… Update completed at: 22 November 2025 - 12:01:04 PM[0m


%%%%%%%%%%%%%%%%%%%%%%%%%%%%%%%%%%%%%%%%%%%%%%%%%%%%%%%%%%%%%%%%%%%%%%%%%%%%%%%%%%%%%%%%%%


[1;33mðŸš€ Starting Git update at: 23 November 2025 - 12:01:01 AM[0m

[0;32mâ¬‡ï¸ Pulling latest changes...[0m
Already up to date.

[0;32mâž• Adding changes...[0m

[0;32mðŸ’¾ Committing changes...[0m
[main 1cc7e87] ðŸš€ Update completed at: 23 November 2025 - 12:01:01 AM
 3 files changed, 27 insertions(+)

[0;32mðŸ“¤ Pushing changes...[0m
remote: This repository moved. Please use the new location:        
remote:   https://github.com/shishirRsiam/Mamar-Bank.git        
To https://github.com/shishirRsiam/Mamar-Bank-Project-Using-Django.git
   4e7e8cd..1cc7e87  main -> main

[1;33mâœ… Update completed at: 23 November 2025 - 12:01:04 AM[0m


%%%%%%%%%%%%%%%%%%%%%%%%%%%%%%%%%%%%%%%%%%%%%%%%%%%%%%%%%%%%%%%%%%%%%%%%%%%%%%%%%%%%%%%%%%


[1;33mðŸš€ Starting Git update at: 23 November 2025 - 12:01:01 PM[0m

[0;32mâ¬‡ï¸ Pulling latest changes...[0m
Already up to date.

[0;32mâž• Adding changes...[0m

[0;32mðŸ’¾ Committing changes...[0m
[main 850d155] ðŸš€ Update completed at: 23 November 2025 - 12:01:01 PM
 2 files changed, 24 insertions(+)

[0;32mðŸ“¤ Pushing changes...[0m
remote: This repository moved. Please use the new location:        
remote:   https://github.com/shishirRsiam/Mamar-Bank.git        
To https://github.com/shishirRsiam/Mamar-Bank-Project-Using-Django.git
   1cc7e87..850d155  main -> main

[1;33mâœ… Update completed at: 23 November 2025 - 12:01:04 PM[0m


%%%%%%%%%%%%%%%%%%%%%%%%%%%%%%%%%%%%%%%%%%%%%%%%%%%%%%%%%%%%%%%%%%%%%%%%%%%%%%%%%%%%%%%%%%


[1;33mðŸš€ Starting Git update at: 24 November 2025 - 12:01:02 AM[0m

[0;32mâ¬‡ï¸ Pulling latest changes...[0m
Already up to date.

[0;32mâž• Adding changes...[0m

[0;32mðŸ’¾ Committing changes...[0m
[main 43eba73] ðŸš€ Update completed at: 24 November 2025 - 12:01:02 AM
 2 files changed, 24 insertions(+)

[0;32mðŸ“¤ Pushing changes...[0m
remote: This repository moved. Please use the new location:        
remote:   https://github.com/shishirRsiam/Mamar-Bank.git        
To https://github.com/shishirRsiam/Mamar-Bank-Project-Using-Django.git
   850d155..43eba73  main -> main

[1;33mâœ… Update completed at: 24 November 2025 - 12:01:04 AM[0m


%%%%%%%%%%%%%%%%%%%%%%%%%%%%%%%%%%%%%%%%%%%%%%%%%%%%%%%%%%%%%%%%%%%%%%%%%%%%%%%%%%%%%%%%%%


[1;33mðŸš€ Starting Git update at: 24 November 2025 - 12:01:02 PM[0m

[0;32mâ¬‡ï¸ Pulling latest changes...[0m
Already up to date.

[0;32mâž• Adding changes...[0m

[0;32mðŸ’¾ Committing changes...[0m
[main 1ec06a8] ðŸš€ Update completed at: 24 November 2025 - 12:01:02 PM
 3 files changed, 30 insertions(+)

[0;32mðŸ“¤ Pushing changes...[0m
remote: This repository moved. Please use the new location:        
remote:   https://github.com/shishirRsiam/Mamar-Bank.git        
To https://github.com/shishirRsiam/Mamar-Bank-Project-Using-Django.git
   43eba73..1ec06a8  main -> main

[1;33mâœ… Update completed at: 24 November 2025 - 12:01:04 PM[0m


%%%%%%%%%%%%%%%%%%%%%%%%%%%%%%%%%%%%%%%%%%%%%%%%%%%%%%%%%%%%%%%%%%%%%%%%%%%%%%%%%%%%%%%%%%


[1;33mðŸš€ Starting Git update at: 25 November 2025 - 12:01:01 AM[0m

[0;32mâ¬‡ï¸ Pulling latest changes...[0m
Already up to date.

[0;32mâž• Adding changes...[0m

[0;32mðŸ’¾ Committing changes...[0m
[main f9e3b68] ðŸš€ Update completed at: 25 November 2025 - 12:01:01 AM
 2 files changed, 24 insertions(+)

[0;32mðŸ“¤ Pushing changes...[0m
remote: This repository moved. Please use the new location:        
remote:   https://github.com/shishirRsiam/Mamar-Bank.git        
To https://github.com/shishirRsiam/Mamar-Bank-Project-Using-Django.git
   1ec06a8..f9e3b68  main -> main

[1;33mâœ… Update completed at: 25 November 2025 - 12:01:04 AM[0m


%%%%%%%%%%%%%%%%%%%%%%%%%%%%%%%%%%%%%%%%%%%%%%%%%%%%%%%%%%%%%%%%%%%%%%%%%%%%%%%%%%%%%%%%%%


[1;33mðŸš€ Starting Git update at: 25 November 2025 - 12:01:01 PM[0m

[0;32mâ¬‡ï¸ Pulling latest changes...[0m
Already up to date.

[0;32mâž• Adding changes...[0m

[0;32mðŸ’¾ Committing changes...[0m
[main bde1bb4] ðŸš€ Update completed at: 25 November 2025 - 12:01:01 PM
 2 files changed, 24 insertions(+)

[0;32mðŸ“¤ Pushing changes...[0m
remote: This repository moved. Please use the new location:        
remote:   https://github.com/shishirRsiam/Mamar-Bank.git        
To https://github.com/shishirRsiam/Mamar-Bank-Project-Using-Django.git
   f9e3b68..bde1bb4  main -> main

[1;33mâœ… Update completed at: 25 November 2025 - 12:01:04 PM[0m


%%%%%%%%%%%%%%%%%%%%%%%%%%%%%%%%%%%%%%%%%%%%%%%%%%%%%%%%%%%%%%%%%%%%%%%%%%%%%%%%%%%%%%%%%%


[1;33mðŸš€ Starting Git update at: 26 November 2025 - 12:01:02 AM[0m

[0;32mâ¬‡ï¸ Pulling latest changes...[0m
Already up to date.

[0;32mâž• Adding changes...[0m

[0;32mðŸ’¾ Committing changes...[0m
[main 0c4b20e] ðŸš€ Update completed at: 26 November 2025 - 12:01:02 AM
 2 files changed, 24 insertions(+)

[0;32mðŸ“¤ Pushing changes...[0m
remote: This repository moved. Please use the new location:        
remote:   https://github.com/shishirRsiam/Mamar-Bank.git        
To https://github.com/shishirRsiam/Mamar-Bank-Project-Using-Django.git
   bde1bb4..0c4b20e  main -> main

[1;33mâœ… Update completed at: 26 November 2025 - 12:01:04 AM[0m


%%%%%%%%%%%%%%%%%%%%%%%%%%%%%%%%%%%%%%%%%%%%%%%%%%%%%%%%%%%%%%%%%%%%%%%%%%%%%%%%%%%%%%%%%%


[1;33mðŸš€ Starting Git update at: 26 November 2025 - 12:01:01 PM[0m

[0;32mâ¬‡ï¸ Pulling latest changes...[0m
Already up to date.

[0;32mâž• Adding changes...[0m

[0;32mðŸ’¾ Committing changes...[0m
[main aaf9885] ðŸš€ Update completed at: 26 November 2025 - 12:01:01 PM
 2 files changed, 24 insertions(+)

[0;32mðŸ“¤ Pushing changes...[0m
remote: This repository moved. Please use the new location:        
remote:   https://github.com/shishirRsiam/Mamar-Bank.git        
To https://github.com/shishirRsiam/Mamar-Bank-Project-Using-Django.git
   0c4b20e..aaf9885  main -> main

[1;33mâœ… Update completed at: 26 November 2025 - 12:01:04 PM[0m


%%%%%%%%%%%%%%%%%%%%%%%%%%%%%%%%%%%%%%%%%%%%%%%%%%%%%%%%%%%%%%%%%%%%%%%%%%%%%%%%%%%%%%%%%%


[1;33mðŸš€ Starting Git update at: 27 November 2025 - 12:01:01 AM[0m

[0;32mâ¬‡ï¸ Pulling latest changes...[0m
Already up to date.

[0;32mâž• Adding changes...[0m

[0;32mðŸ’¾ Committing changes...[0m
[main e06f54e] ðŸš€ Update completed at: 27 November 2025 - 12:01:01 AM
 2 files changed, 24 insertions(+)

[0;32mðŸ“¤ Pushing changes...[0m
remote: This repository moved. Please use the new location:        
remote:   https://github.com/shishirRsiam/Mamar-Bank.git        
To https://github.com/shishirRsiam/Mamar-Bank-Project-Using-Django.git
   aaf9885..e06f54e  main -> main

[1;33mâœ… Update completed at: 27 November 2025 - 12:01:04 AM[0m


%%%%%%%%%%%%%%%%%%%%%%%%%%%%%%%%%%%%%%%%%%%%%%%%%%%%%%%%%%%%%%%%%%%%%%%%%%%%%%%%%%%%%%%%%%


[1;33mðŸš€ Starting Git update at: 27 November 2025 - 12:01:01 PM[0m

[0;32mâ¬‡ï¸ Pulling latest changes...[0m
Already up to date.

[0;32mâž• Adding changes...[0m

[0;32mðŸ’¾ Committing changes...[0m
[main 3962633] ðŸš€ Update completed at: 27 November 2025 - 12:01:01 PM
 2 files changed, 24 insertions(+)

[0;32mðŸ“¤ Pushing changes...[0m
remote: This repository moved. Please use the new location:        
remote:   https://github.com/shishirRsiam/Mamar-Bank.git        
To https://github.com/shishirRsiam/Mamar-Bank-Project-Using-Django.git
   e06f54e..3962633  main -> main

[1;33mâœ… Update completed at: 27 November 2025 - 12:01:04 PM[0m


%%%%%%%%%%%%%%%%%%%%%%%%%%%%%%%%%%%%%%%%%%%%%%%%%%%%%%%%%%%%%%%%%%%%%%%%%%%%%%%%%%%%%%%%%%


[1;33mðŸš€ Starting Git update at: 28 November 2025 - 12:01:01 AM[0m

[0;32mâ¬‡ï¸ Pulling latest changes...[0m
Already up to date.

[0;32mâž• Adding changes...[0m

[0;32mðŸ’¾ Committing changes...[0m
[main ff535cc] ðŸš€ Update completed at: 28 November 2025 - 12:01:01 AM
 2 files changed, 24 insertions(+)

[0;32mðŸ“¤ Pushing changes...[0m
remote: This repository moved. Please use the new location:        
remote:   https://github.com/shishirRsiam/Mamar-Bank.git        
To https://github.com/shishirRsiam/Mamar-Bank-Project-Using-Django.git
   3962633..ff535cc  main -> main

[1;33mâœ… Update completed at: 28 November 2025 - 12:01:03 AM[0m


%%%%%%%%%%%%%%%%%%%%%%%%%%%%%%%%%%%%%%%%%%%%%%%%%%%%%%%%%%%%%%%%%%%%%%%%%%%%%%%%%%%%%%%%%%


[1;33mðŸš€ Starting Git update at: 28 November 2025 - 12:01:01 PM[0m

[0;32mâ¬‡ï¸ Pulling latest changes...[0m
Already up to date.

[0;32mâž• Adding changes...[0m

[0;32mðŸ’¾ Committing changes...[0m
[main 9786ce3] ðŸš€ Update completed at: 28 November 2025 - 12:01:01 PM
 2 files changed, 24 insertions(+)

[0;32mðŸ“¤ Pushing changes...[0m
remote: This repository moved. Please use the new location:        
remote:   https://github.com/shishirRsiam/Mamar-Bank.git        
To https://github.com/shishirRsiam/Mamar-Bank-Project-Using-Django.git
   ff535cc..9786ce3  main -> main

[1;33mâœ… Update completed at: 28 November 2025 - 12:01:04 PM[0m


%%%%%%%%%%%%%%%%%%%%%%%%%%%%%%%%%%%%%%%%%%%%%%%%%%%%%%%%%%%%%%%%%%%%%%%%%%%%%%%%%%%%%%%%%%


[1;33mðŸš€ Starting Git update at: 29 November 2025 - 12:01:01 AM[0m

[0;32mâ¬‡ï¸ Pulling latest changes...[0m
Already up to date.

[0;32mâž• Adding changes...[0m

[0;32mðŸ’¾ Committing changes...[0m
[main 1afde59] ðŸš€ Update completed at: 29 November 2025 - 12:01:01 AM
 2 files changed, 24 insertions(+)

[0;32mðŸ“¤ Pushing changes...[0m
remote: This repository moved. Please use the new location:        
remote:   https://github.com/shishirRsiam/Mamar-Bank.git        
To https://github.com/shishirRsiam/Mamar-Bank-Project-Using-Django.git
   9786ce3..1afde59  main -> main

[1;33mâœ… Update completed at: 29 November 2025 - 12:01:03 AM[0m


%%%%%%%%%%%%%%%%%%%%%%%%%%%%%%%%%%%%%%%%%%%%%%%%%%%%%%%%%%%%%%%%%%%%%%%%%%%%%%%%%%%%%%%%%%


[1;33mðŸš€ Starting Git update at: 29 November 2025 - 12:01:01 PM[0m

[0;32mâ¬‡ï¸ Pulling latest changes...[0m
Already up to date.

[0;32mâž• Adding changes...[0m

[0;32mðŸ’¾ Committing changes...[0m
[main ad07d91] ðŸš€ Update completed at: 29 November 2025 - 12:01:01 PM
 2 files changed, 24 insertions(+)

[0;32mðŸ“¤ Pushing changes...[0m
remote: This repository moved. Please use the new location:        
remote:   https://github.com/shishirRsiam/Mamar-Bank.git        
To https://github.com/shishirRsiam/Mamar-Bank-Project-Using-Django.git
   1afde59..ad07d91  main -> main

[1;33mâœ… Update completed at: 29 November 2025 - 12:01:03 PM[0m


%%%%%%%%%%%%%%%%%%%%%%%%%%%%%%%%%%%%%%%%%%%%%%%%%%%%%%%%%%%%%%%%%%%%%%%%%%%%%%%%%%%%%%%%%%


[1;33mðŸš€ Starting Git update at: 30 November 2025 - 12:01:01 AM[0m

[0;32mâ¬‡ï¸ Pulling latest changes...[0m
Already up to date.

[0;32mâž• Adding changes...[0m

[0;32mðŸ’¾ Committing changes...[0m
[main de207ef] ðŸš€ Update completed at: 30 November 2025 - 12:01:01 AM
 2 files changed, 24 insertions(+)

[0;32mðŸ“¤ Pushing changes...[0m
remote: This repository moved. Please use the new location:        
remote:   https://github.com/shishirRsiam/Mamar-Bank.git        
To https://github.com/shishirRsiam/Mamar-Bank-Project-Using-Django.git
   ad07d91..de207ef  main -> main

[1;33mâœ… Update completed at: 30 November 2025 - 12:01:03 AM[0m


%%%%%%%%%%%%%%%%%%%%%%%%%%%%%%%%%%%%%%%%%%%%%%%%%%%%%%%%%%%%%%%%%%%%%%%%%%%%%%%%%%%%%%%%%%


[1;33mðŸš€ Starting Git update at: 30 November 2025 - 12:01:01 PM[0m

[0;32mâ¬‡ï¸ Pulling latest changes...[0m
Already up to date.

[0;32mâž• Adding changes...[0m

[0;32mðŸ’¾ Committing changes...[0m
[main 7eba508] ðŸš€ Update completed at: 30 November 2025 - 12:01:01 PM
 2 files changed, 24 insertions(+)

[0;32mðŸ“¤ Pushing changes...[0m
remote: This repository moved. Please use the new location:        
remote:   https://github.com/shishirRsiam/Mamar-Bank.git        
To https://github.com/shishirRsiam/Mamar-Bank-Project-Using-Django.git
   de207ef..7eba508  main -> main

[1;33mâœ… Update completed at: 30 November 2025 - 12:01:03 PM[0m


%%%%%%%%%%%%%%%%%%%%%%%%%%%%%%%%%%%%%%%%%%%%%%%%%%%%%%%%%%%%%%%%%%%%%%%%%%%%%%%%%%%%%%%%%%


[1;33mðŸš€ Starting Git update at: 01 December 2025 - 12:01:01 AM[0m

[0;32mâ¬‡ï¸ Pulling latest changes...[0m
Already up to date.

[0;32mâž• Adding changes...[0m

[0;32mðŸ’¾ Committing changes...[0m
[main f3a2f2a] ðŸš€ Update completed at: 01 December 2025 - 12:01:01 AM
 2 files changed, 24 insertions(+)

[0;32mðŸ“¤ Pushing changes...[0m
remote: This repository moved. Please use the new location:        
remote:   https://github.com/shishirRsiam/Mamar-Bank.git        
To https://github.com/shishirRsiam/Mamar-Bank-Project-Using-Django.git
   7eba508..f3a2f2a  main -> main

[1;33mâœ… Update completed at: 01 December 2025 - 12:01:03 AM[0m


%%%%%%%%%%%%%%%%%%%%%%%%%%%%%%%%%%%%%%%%%%%%%%%%%%%%%%%%%%%%%%%%%%%%%%%%%%%%%%%%%%%%%%%%%%


[1;33mðŸš€ Starting Git update at: 01 December 2025 - 12:01:02 PM[0m

[0;32mâ¬‡ï¸ Pulling latest changes...[0m
Already up to date.

[0;32mâž• Adding changes...[0m

[0;32mðŸ’¾ Committing changes...[0m
[main ca11ade] ðŸš€ Update completed at: 01 December 2025 - 12:01:02 PM
 2 files changed, 24 insertions(+)

[0;32mðŸ“¤ Pushing changes...[0m
remote: This repository moved. Please use the new location:        
remote:   https://github.com/shishirRsiam/Mamar-Bank.git        
To https://github.com/shishirRsiam/Mamar-Bank-Project-Using-Django.git
   f3a2f2a..ca11ade  main -> main

[1;33mâœ… Update completed at: 01 December 2025 - 12:01:04 PM[0m


%%%%%%%%%%%%%%%%%%%%%%%%%%%%%%%%%%%%%%%%%%%%%%%%%%%%%%%%%%%%%%%%%%%%%%%%%%%%%%%%%%%%%%%%%%


[1;33mðŸš€ Starting Git update at: 02 December 2025 - 12:01:01 AM[0m

[0;32mâ¬‡ï¸ Pulling latest changes...[0m
Already up to date.

[0;32mâž• Adding changes...[0m

[0;32mðŸ’¾ Committing changes...[0m
[main 7092836] ðŸš€ Update completed at: 02 December 2025 - 12:01:01 AM
 2 files changed, 24 insertions(+)

[0;32mðŸ“¤ Pushing changes...[0m
remote: This repository moved. Please use the new location:        
remote:   https://github.com/shishirRsiam/Mamar-Bank.git        
To https://github.com/shishirRsiam/Mamar-Bank-Project-Using-Django.git
   ca11ade..7092836  main -> main

[1;33mâœ… Update completed at: 02 December 2025 - 12:01:03 AM[0m


%%%%%%%%%%%%%%%%%%%%%%%%%%%%%%%%%%%%%%%%%%%%%%%%%%%%%%%%%%%%%%%%%%%%%%%%%%%%%%%%%%%%%%%%%%


[1;33mðŸš€ Starting Git update at: 02 December 2025 - 12:01:01 PM[0m

[0;32mâ¬‡ï¸ Pulling latest changes...[0m
Already up to date.

[0;32mâž• Adding changes...[0m

[0;32mðŸ’¾ Committing changes...[0m
[main d6e68cd] ðŸš€ Update completed at: 02 December 2025 - 12:01:01 PM
 2 files changed, 24 insertions(+)

[0;32mðŸ“¤ Pushing changes...[0m
remote: This repository moved. Please use the new location:        
remote:   https://github.com/shishirRsiam/Mamar-Bank.git        
To https://github.com/shishirRsiam/Mamar-Bank-Project-Using-Django.git
   7092836..d6e68cd  main -> main

[1;33mâœ… Update completed at: 02 December 2025 - 12:01:03 PM[0m
